# JRE version: OpenJDK Runtime Environment (17.0.10) (build 17.0.10+0--11572160)
# Java VM: OpenJDK 64-Bit Server VM (17.0.10+0--11572160, mixed mode, tiered, compressed oops, compressed class ptrs, g1 gc, windows-amd64)
GC Precious Log:
 CPUs: 4 total, 4 available
 Memory: 8112M
 Large Page Support: Disabled
 NUMA Support: Disabled
 Compressed Oops: Enabled (32-bit)
 Heap Region Size: 1M
 Heap Min Capacity: 8M
 Heap Initial Capacity: 128M
 Heap Max Capacity: 2030M
 Pre-touch: Disabled
 Parallel Workers: 4
 Concurrent Workers: 1
 Concurrent Refinement Workers: 4
 Periodic GC: Disabled
Heap:
 garbage-first heap   total 50176K, used 29057K [0x0000000081200000, 0x0000000100000000)
  region size 1024K, 1 young (1024K), 1 survivors (1024K)
 Metaspace       used 46811K, committed 47040K, reserved 1114112K
  class space    used 5703K, committed 5824K, reserved 1048576K
GC Heap History (20 events):
Event: 9.932 GC heap after
{Heap after GC invocations=6 (full 0):
 garbage-first heap   total 38912K, used 16934K [0x0000000081200000, 0x0000000100000000)
  region size 1024K, 3 young (3072K), 3 survivors (3072K)
 Metaspace       used 29846K, committed 30016K, reserved 1114112K
  class space    used 3788K, committed 3840K, reserved 1048576K
}
Event: 10.625 GC heap before
{Heap before GC invocations=6 (full 0):
 garbage-first heap   total 38912K, used 27174K [0x0000000081200000, 0x0000000100000000)
  region size 1024K, 14 young (14336K), 3 survivors (3072K)
 Metaspace       used 33159K, committed 33344K, reserved 1114112K
  class space    used 4229K, committed 4352K, reserved 1048576K
}
Event: 10.641 GC heap after
{Heap after GC invocations=7 (full 0):
 garbage-first heap   total 38912K, used 18359K [0x0000000081200000, 0x0000000100000000)
  region size 1024K, 1 young (1024K), 1 survivors (1024K)
 Metaspace       used 33159K, committed 33344K, reserved 1114112K
  class space    used 4229K, committed 4352K, reserved 1048576K
}
Event: 11.053 GC heap before
{Heap before GC invocations=7 (full 0):
 garbage-first heap   total 38912K, used 29623K [0x0000000081200000, 0x0000000100000000)
  region size 1024K, 12 young (12288K), 1 survivors (1024K)
 Metaspace       used 35334K, committed 35520K, reserved 1114112K
  class space    used 4487K, committed 4608K, reserved 1048576K
}
Event: 11.064 GC heap after
{Heap after GC invocations=8 (full 0):
 garbage-first heap   total 38912K, used 17335K [0x0000000081200000, 0x0000000100000000)
  region size 1024K, 2 young (2048K), 2 survivors (2048K)
 Metaspace       used 35334K, committed 35520K, reserved 1114112K
  class space    used 4487K, committed 4608K, reserved 1048576K
}
Event: 11.214 GC heap before
{Heap before GC invocations=8 (full 0):
 garbage-first heap   total 38912K, used 20407K [0x0000000081200000, 0x0000000100000000)
  region size 1024K, 7 young (7168K), 2 survivors (2048K)
 Metaspace       used 36119K, committed 36288K, reserved 1114112K
  class space    used 4560K, committed 4672K, reserved 1048576K
}
Event: 11.222 GC heap after
{Heap after GC invocations=9 (full 0):
 garbage-first heap   total 47104K, used 18016K [0x0000000081200000, 0x0000000100000000)
  region size 1024K, 1 young (1024K), 1 survivors (1024K)
 Metaspace       used 36119K, committed 36288K, reserved 1114112K
  class space    used 4560K, committed 4672K, reserved 1048576K
}
Event: 11.827 GC heap before
{Heap before GC invocations=10 (full 0):
 garbage-first heap   total 47104K, used 32352K [0x0000000081200000, 0x0000000100000000)
  region size 1024K, 16 young (16384K), 1 survivors (1024K)
 Metaspace       used 39168K, committed 39360K, reserved 1114112K
  class space    used 4816K, committed 4928K, reserved 1048576K
}
Event: 11.837 GC heap after
{Heap after GC invocations=11 (full 0):
 garbage-first heap   total 47104K, used 19544K [0x0000000081200000, 0x0000000100000000)
  region size 1024K, 2 young (2048K), 2 survivors (2048K)
 Metaspace       used 39168K, committed 39360K, reserved 1114112K
  class space    used 4816K, committed 4928K, reserved 1048576K
}
Event: 11.875 GC heap before
{Heap before GC invocations=11 (full 0):
 garbage-first heap   total 47104K, used 20568K [0x0000000081200000, 0x0000000100000000)
  region size 1024K, 3 young (3072K), 2 survivors (2048K)
 Metaspace       used 39385K, committed 39552K, reserved 1114112K
  class space    used 4834K, committed 4928K, reserved 1048576K
}
Event: 11.882 GC heap after
{Heap after GC invocations=12 (full 0):
 garbage-first heap   total 47104K, used 19272K [0x0000000081200000, 0x0000000100000000)
  region size 1024K, 1 young (1024K), 1 survivors (1024K)
 Metaspace       used 39385K, committed 39552K, reserved 1114112K
  class space    used 4834K, committed 4928K, reserved 1048576K
}
Event: 12.501 GC heap before
{Heap before GC invocations=12 (full 0):
 garbage-first heap   total 47104K, used 32584K [0x0000000081200000, 0x0000000100000000)
  region size 1024K, 15 young (15360K), 1 survivors (1024K)
 Metaspace       used 42796K, committed 43072K, reserved 1114112K
  class space    used 5237K, committed 5376K, reserved 1048576K
}
Event: 12.508 GC heap after
{Heap after GC invocations=13 (full 0):
 garbage-first heap   total 47104K, used 19693K [0x0000000081200000, 0x0000000100000000)
  region size 1024K, 1 young (1024K), 1 survivors (1024K)
 Metaspace       used 42796K, committed 43072K, reserved 1114112K
  class space    used 5237K, committed 5376K, reserved 1048576K
}
Event: 13.397 GC heap before
{Heap before GC invocations=13 (full 0):
 garbage-first heap   total 47104K, used 36077K [0x0000000081200000, 0x0000000100000000)
  region size 1024K, 15 young (15360K), 1 survivors (1024K)
 Metaspace       used 46121K, committed 46336K, reserved 1114112K
  class space    used 5643K, committed 5760K, reserved 1048576K
}
Event: 13.413 GC heap after
{Heap after GC invocations=14 (full 0):
 garbage-first heap   total 47104K, used 23570K [0x0000000081200000, 0x0000000100000000)
  region size 1024K, 2 young (2048K), 2 survivors (2048K)
 Metaspace       used 46121K, committed 46336K, reserved 1114112K
  class space    used 5643K, committed 5760K, reserved 1048576K
}
Event: 13.860 GC heap before
{Heap before GC invocations=14 (full 0):
 garbage-first heap   total 47104K, used 33810K [0x0000000081200000, 0x0000000100000000)
  region size 1024K, 13 young (13312K), 2 survivors (2048K)
 Metaspace       used 46761K, committed 46976K, reserved 1114112K
  class space    used 5703K, committed 5824K, reserved 1048576K
}
Event: 13.874 GC heap after
{Heap after GC invocations=15 (full 0):
 garbage-first heap   total 47104K, used 26137K [0x0000000081200000, 0x0000000100000000)
  region size 1024K, 2 young (2048K), 2 survivors (2048K)
 Metaspace       used 46761K, committed 46976K, reserved 1114112K
  class space    used 5703K, committed 5824K, reserved 1048576K
}
Event: 14.056 GC heap before
{Heap before GC invocations=16 (full 0):
 garbage-first heap   total 50176K, used 36377K [0x0000000081200000, 0x0000000100000000)
  region size 1024K, 12 young (12288K), 2 survivors (2048K)
 Metaspace       used 46802K, committed 47040K, reserved 1114112K
  class space    used 5703K, committed 5824K, reserved 1048576K
}
Event: 14.075 GC heap after
{Heap after GC invocations=17 (full 0):
 garbage-first heap   total 50176K, used 29234K [0x0000000081200000, 0x0000000100000000)
  region size 1024K, 2 young (2048K), 2 survivors (2048K)
 Metaspace       used 46802K, committed 47040K, reserved 1114112K
  class space    used 5703K, committed 5824K, reserved 1048576K
}
Event: 14.186 GC heap before
{Heap before GC invocations=17 (full 0):
 garbage-first heap   total 50176K, used 38450K [0x0000000081200000, 0x0000000100000000)
  region size 1024K, 11 young (11264K), 2 survivors (2048K)
 Metaspace       used 46811K, committed 47040K, reserved 1114112K
  class space    used 5703K, committed 5824K, reserved 1048576K
}

